707C74534671
402C24414641
FFFFFFFFFFFF
FFFFFFFFFFFF
FFFFFFFFFFFF
FFFFFFFFFFFF
E2FBEBEFBEFF
FFFFFFFFFFFF
FFFFFFFFFFFF
FFFFFFFFFFFF
F2EBBFEFDEBF
FFFFFFFFFFFF
FFFFFFFFFFFF
FFFFFFFFFFFF
FFFFFFFFFFFF
F6FFF7FEFFFF
FFF7D47FFFFF
FFFFFFFFFFFF
1200040C0118
FFF7FFFF7FFF
FFFFFFFFFFFF
FFFFFFFFFFFF
FFFFFFFFFFFF
FFFFFFFFFFFF
FFFFFFFFFFFF
FFFFFFFFFFFF
19D534BA520E
FFFFFFFFFFFF
10800
FFFFFFFFFFFF
FFFFFFFFFFFF
FFFFFFFFFFFF
FFFFFFFFFFFF
FFFFFFFFFFFF
AD3A788038DA
FFFFFFFFFFFF
FFFFFFFFFFFF
FFFFFFFFFFFF
FFFFFFFFFFFF
EE539FA7A95A
FFF7F47FFFFF
DFA0B844E078
DFA2FBC4E379
FFFFFFFFFFFF
FFFFFFFFFFFF
FFFFFC7FFFFF
FFFFFFFFFFFF
FFFFFFFFFFFF
FFFFFFFFFFFF
FFFFFFFFFFFF
FDD57FFF7BFF
FFFFFFFFFFFF
FFFFFFFFFFFF
FFFFFF7FFFEF
FFFFFFFFFFFF
FFF3FFEFFBFB
FF7EFEFFFFFB
7470543B4BBC
FFFFFFFFFFFF
FFFFFFFFFFFF
FFFFFFFFFFFF
FFFFFD7FFFFF
FFF7FFFF7FFF
FFFFFFFFFFFF
FDF7FFFFFFFF
FFFFFE7FFFFF
FFFFFFFFFFFF
FFFFFFFFFFFF
FFFFFFFFFFFF
FFFFFFFFFFFF
FEFFFFFFFFFF
FFFFFEFFFFFF
FDE2FF7FFBF7
FFFFFFFFFFFF
FFFFFFFFFFFF
8082060200
FFFFFE1F7FEB
FFFFFFFFFFFF
FFFFFFFFFFEF
FFFFFD7FFFFF
FFFFFEFFFFFF
20110010
FFFFFFFFFFFF
FFFFFFFFFFFF
FFFFFFFFFFFF
FFFFFFFFFFFF
FFFFFFFFFFFF
527E95F6D77F
FFFFFFFFFFFF
5B442C56644B
FFFFFFFFFFFF
FFFFFF7FFFFF
FFBB3E1F3DCB
FFFFFFFFFFFF
FFFFFFFFFFFF
FFFFFFFFFFFF
2032E0E12ACB
F6FFFFFFFFFF
FFFFFFFFFFFF
FFFFFFFFFFEF
