5438
4475
1729
5887
-906
-214
1324
-1936
5299
-2006
6955
4769
5513
3469
-1321
6140
1598
3510
8962
5411
-264
5365
8059
4504
3667
6668
3086
6614
4383
6659
-4268
1552
-2059
2913
5733
-1063
7038
-3867
2845
475
3400
407
6178
-289
6216
5569
6849
-1650
4340
8864
-898
6466
-782
5053
-2838
6126
3933
5636
2271
6383
567
1454
7252
1936
2193
2486
3039
5142
1532
5686
954
390
4593
5627
3932
1049
6708
-1421
683
3606
330
209
5609
5573
2259
7843
4357
7839
8759
7461
5398
5105
-2094
4348
7217
4574
1139
827
-274
5877
-637
2723
5487
6139
5371
6004
5179
2257
1838
1692
7568
3065
7520
6140
5538
-5168
5513
-553
1608
6292
4601
3332
920
3111
219
6229
6158
6770
6652
1522
1903
5282
1546
1397
2129
8238
5956
-644
2252
4520
934
7138
1889
-2780
1267
3895
-1414
1480
2353
1556
5379
7531
6943
8508
301
6767
5792
1570
916
2183
1251
2672
4965
2874
-1823
2254
4486
5578
4845
8092
-1359
4308
6717
4827
417
3843
1895
8734
5014
-1261
-3099
5799
80
-962
3205
6306
7606
-526
3190
1655
1336
-4874
-6
-86
-592
7549
4888
4048
419
5798
4386
6594
1977
5936
-247
7665
6980
2650
5562
2482
7052
-3680
176
640
8119
985
4546
4418
3941
5686
7775
608
-2437
6492
2802
7647
-111
3926
3070
7210
9944
2593
5857
3544
7493
3890
-511
5945
121
2104
-1137
5623
208
4495
-230
4554
5554
3563
798
2972
6686
2877
-3262
4501
2679
4683
-1779
6178
4253
958
1415
2657
-2937
5636
-1240
2138
-1401
8359
-3116
5407
-648
738
449
-2872
1033
666
2781
8600
-2903
525
2332
5494
6401
5642
-1040
6651
-2220
4803
6463
1720
3166
628
5507
4530
-2348
2367
5909
6780
6286
3943
-671
2342
6332
-879
-1849
4123
-1254
3554
3704
-2647
3310
-812
7336
5021
-1447
-340
-661
-604
1030
240
-422
4363
5633
2355
1421
5388
5581
7611
4550
-1389
5117
587
1591
-1494
2001
836
-4080
6521
-1308
-1791
-1277
5370
6291
1210
-2948
1714
6975
3950
5469
-3462
8039
-629
632
715
-1612
-1758
2506
4284
6433
4183
-131
6163
-2706
4369
7338
2148
-166
3104
2509
1190
1105
4684
7411
-264
-644
5020
532
5537
7190
161
5271
-650
-733
8674
7620
1756
3670
-2208
6817
1248
-1531
1764
5486
5366
7575
6324
-244
7801
6994
-876
4194
5507
4388
1019
10260
1135
3433
-1964
4928
4613
92
1669
-104
3668
2818
6838
25
612
6665
1273
6593
3905
1983
7258
5976
2135
-454
1324
-488
1875
-229
6894
5773
623
1584
-2131
509
6386
6099
1579
935
6193
6325
5600
7175
7768
2436
-312
1396
7075
6002
393
3296
-1699
-2550
7910
6094
-1582
7864
3970
1630
-1695
8893
2343
2834
1144
-992
-3948
888
5880
-2857
-4461
2377
4501
4807
3359
679
3467
-1533
-1233
96
2082
4950
7128
8879
5854
188
6929
1550
1552
6828
4565
1058
3462
3032
6768
189
698
7449
-217
38
288
9156
-1236
3799
6343
4923
6304
-1895
3947
7509
5468
794
3480
6809
6376
-1927
4809
6314
495
5028
-2846
182
1561
4333
3023
7449
2402
-569
7048
6124
6047
-1283
-467
-1980
-598
8244
1887
4323
2671
2171
5620
-1776
1313
179
5771
2702
3059
4923
4162
2930
53
-419
-1285
6843
1090
6344
5395
5780
5782
1539
3415
-682
6245
4552
3125
381
7061
6125
2001
3362
336
-904
3586
2445
3687
7087
-227
1588
1523
-3811
-884
6919
7502
5550
-711
8256
458
6317
8446
-4
2882
226
-323
5527
-898
1044
4883
2537
-5
-2760
1581
-914
6587
3014
4584
9306
-489
5304
2108
3371
3917
1011
6998
7437
6268
123
6914
4985
4796
-2293
5136
-1579
6835
3150
5745
3246
79
3846
3299
2852
2113
6327
3492
2531
1336
6686
7037
1975
5492
-3784
4845
5036
5737
1830
7659
214
6430
1102
-105
2207
3114
4052
5216
1661
6917
-805
-390
7180
5875
215
6741
3253
5720
43
1042
9425
-184
3754
2148
7506
1984
43
1385
6097
-445
4381
5309
2610
5254
-1035
-943
6055
2988
6718
1724
3797
5483
2856
-254
2840
-2131
442
6613
-2132
5219
308
7281
4507
1944
-362
6201
-562
1456
2782
7252
6273
2245
-47
-798
5511
8710
1421
6357
-3390
1679
3474
3778
5755
7403
5982
854
378
-306
6900
6938
5759
-2540
-2099
7050
5025
3977
5154
8015
463
6075
4081
3739
1035
1611
3850
2996
6755
8258
503
2957
8197
2749
7257
-2413
6808
1515
5251
-590
-408
-2245
-208
6976
4998
5945
66
4471
-2602
3784
4869
583
5745
3969
7499
2675
7119
1688
4573
1140
325
5386
5413
6949
184
5821
1672
7120
3930
7757
234
5619
4505
4028
2632
3417
448
2448
3642
3933
6311
1093
7553
-2068
6301
400
6704
6020
6722
3789
1892
6478
1727
-935
-3194
3616
1041
5284
5851
-2254
6448
1190
7965
8470
2350
3870
979
5493
190
5413
153
6513
7530
6761
1550
6149
246
3299
2957
4570
22
4966
5323
2641
2764
5967
1710
-558
-566
3787
7526
5826
5865
6942
5174
-2029
816
1240
-1751
-1230
5963
2580
-147
-2706
8277
4698
3863
6961
6218
-586
5205
6386
2205
3914
-2904
2401
2721
3640
5715
3672
-3134
5522
6482
6827
9342
149
493
-2057
3043
884
4112
3602
473
3736
-1256
693
7562
2005
3906
4316
237
4579
-1345
5023
-102
8966
5466
4750
-771
-1244
4125
3275
653
2548
6015
509
3617
3546
1193
4804
2276
6507
1932
5999
-699
775
-3739
2151
5328
4491
2856
6377
-321
-3005
4741
1552
4760
-2649
2297
653
3749
-892
5425
2334
7420
5890
-1137
1840
5104
7101
436
3769
-22
2853
4133
2909
840
-2884
7969
4579
1051
4569
1016
-882
1845
1750
3611
3257
-619
-14
-759
6328
334
2968
5482
4465
436
-2813
187
117
1032
3992
5222
5942
395
3482
652
5238
9067
4786
2857
6599
7352
214
4909
926
8152
3260
157
1577
2669
6956
-1789
5887
3059
9424
