0.18947368421052632 0.4042553191489361
0.6392276422764228 0.7922705314009661
0.3645833333333333 0.32
0.9754316069057105 0.9843137254901961
0.7860520094562649 0.7193877551020408
0.7008032128514056 0.4585635359116022
0.20110192837465565 0.5817307692307692
0.8833333333333333 0.7339449541284404
0.5156494522691707 0.902542372881356
0.6178861788617885 0.5942028985507246
0.5641025641025642 0.9069767441860465
0.11290322580645158 0.9393939393939394
0.7632743362831859 0.904
0.8779342723004695 0.9102564102564102
0.456140350877193 0.7480314960629921
0.28020833333333334 0.6722689075630252
0.69281045751634 0.53125
0.9263351749539595 0.9378238341968911
0.14074074074074078 0.5555555555555556
0.16367265469061879 0.7625570776255707
0.13747
